#
# There is insufficient memory for the Java Runtime Environment to continue.
# Native memory allocation (malloc) failed to allocate 132816 bytes for Chunk::new
# Possible reasons:
#   The system is out of physical RAM or swap space
#   The process is running with CompressedOops enabled, and the Java Heap may be blocking the growth of the native heap
# Possible solutions:
#   Reduce memory load on the system
#   Increase physical memory or swap space
#   Check if swap backing store is full
#   Decrease Java heap size (-Xmx/-Xms)
#   Decrease number of Java threads
#   Decrease Java thread stack sizes (-Xss)
#   Set larger code cache with -XX:ReservedCodeCacheSize=
#   JVM is running with Unscaled Compressed Oops mode in which the Java heap is
#     placed in the first 4GB address space. The Java Heap base address is the
#     maximum limit for the native heap growth. Please use -XX:HeapBaseMinAddress
#     to set the Java Heap base and to place the Java Heap above 4GB virtual address.
# This output file may be truncated or incomplete.
#
#  Out of Memory Error (./src/hotspot/share/memory/arena.cpp:197), pid=14248, tid=6460
#
# JRE version: OpenJDK Runtime Environment (11.0.12+7) (build 11.0.12+7-b1504.28-7817840)
# Java VM: OpenJDK 64-Bit Server VM (11.0.12+7-b1504.28-7817840, mixed mode, tiered, compressed oops, g1 gc, windows-amd64)
# No core dump will be written. Minidumps are not enabled by default on client versions of Windows
#

---------------  S U M M A R Y ------------

Command Line: --add-opens=java.base/java.util=ALL-UNNAMED --add-opens=java.base/java.lang=ALL-UNNAMED --add-opens=java.base/java.lang.invoke=ALL-UNNAMED --add-opens=java.base/java.util=ALL-UNNAMED --add-opens=java.prefs/java.util.prefs=ALL-UNNAMED --add-opens=java.prefs/java.util.prefs=ALL-UNNAMED --add-opens=java.base/java.nio.charset=ALL-UNNAMED --add-opens=java.base/java.net=ALL-UNNAMED --add-opens=java.base/java.util.concurrent.atomic=ALL-UNNAMED -Xmx2048m -Dfile.encoding=UTF-8 -Duser.country=US -Duser.language=en -Duser.variant org.gradle.launcher.daemon.bootstrap.GradleDaemon 7.3.3

Host: Intel(R) Core(TM) i5-8350U CPU @ 1.70GHz, 8 cores, 15G,  Windows 10 , 64 bit Build 19041 (10.0.19041.2251)
Time: Mon Dec 19 22:59:30 2022 Pakistan Standard Time elapsed time: 9.658345 seconds (0d 0h 0m 9s)

---------------  T H R E A D  ---------------

Current thread (0x000001ecd66a8800):  JavaThread "C2 CompilerThread2" daemon [_thread_in_native, id=6460, stack(0x000000b797700000,0x000000b797800000)]


Current CompileTask:
C2:   9658 3186       4       jdk.internal.jimage.ImageLocation::getAttributeString (54 bytes)

Stack: [0x000000b797700000,0x000000b797800000]
Native frames: (J=compiled Java code, j=interpreted, Vv=VM code, C=native code)
V  [jvm.dll+0x5fbcea]
V  [jvm.dll+0x731905]
V  [jvm.dll+0x732f1d]
V  [jvm.dll+0x7335d3]
V  [jvm.dll+0x247bf8]
V  [jvm.dll+0xc018c]
V  [jvm.dll+0xc06cc]
V  [jvm.dll+0x35b31d]
V  [jvm.dll+0x19d0bc]
V  [jvm.dll+0x20070e]
V  [jvm.dll+0x1ff794]
V  [jvm.dll+0x18868c]
V  [jvm.dll+0x20e0d7]
V  [jvm.dll+0x20c901]
V  [jvm.dll+0x6f9b7f]
V  [jvm.dll+0x6f26a5]
V  [jvm.dll+0x5fabf6]
C  [ucrtbase.dll+0x21bb2]
C  [KERNEL32.DLL+0x174b4]
C  [ntdll.dll+0x526a1]


---------------  P R O C E S S  ---------------

Threads class SMR info:
_java_thread_list=0x000001ecd49730b0, length=32, elements={
0x000001ecb5417800, 0x000001ecd08eb800, 0x000001ecd08f4000, 0x000001ecd094e000,
0x000001ecd0951000, 0x000001ecd0952000, 0x000001ecd0961000, 0x000001ecd0965800,
0x000001ecd0966800, 0x000001ecd0ade000, 0x000001ecd2e7c000, 0x000001ecd168f000,
0x000001ecd17dc000, 0x000001ecd4372000, 0x000001ecd1a8a000, 0x000001ecd24f1800,
0x000001ecd2ca9800, 0x000001ecd2fdc800, 0x000001ecd4593800, 0x000001ecd2fc3000,
0x000001ecd2fc5800, 0x000001ecd2fc6000, 0x000001ecd2fc4800, 0x000001ecd2fc7000,
0x000001ecd2fc8000, 0x000001ecd2fc4000, 0x000001ecd2fc2000, 0x000001ecd2fc8800,
0x000001ecd66a9000, 0x000001ecd66aa000, 0x000001ecd66ab000, 0x000001ecd66a8800
}

Java Threads: ( => current thread )
  0x000001ecb5417800 JavaThread "main" [_thread_blocked, id=7128, stack(0x000000b794f00000,0x000000b795000000)]
  0x000001ecd08eb800 JavaThread "Reference Handler" daemon [_thread_blocked, id=20716, stack(0x000000b795600000,0x000000b795700000)]
  0x000001ecd08f4000 JavaThread "Finalizer" daemon [_thread_blocked, id=21312, stack(0x000000b795700000,0x000000b795800000)]
  0x000001ecd094e000 JavaThread "Signal Dispatcher" daemon [_thread_blocked, id=21736, stack(0x000000b795800000,0x000000b795900000)]
  0x000001ecd0951000 JavaThread "Attach Listener" daemon [_thread_blocked, id=12204, stack(0x000000b795900000,0x000000b795a00000)]
  0x000001ecd0952000 JavaThread "Service Thread" daemon [_thread_blocked, id=15296, stack(0x000000b795a00000,0x000000b795b00000)]
  0x000001ecd0961000 JavaThread "C2 CompilerThread0" daemon [_thread_in_native, id=21840, stack(0x000000b795b00000,0x000000b795c00000)]
  0x000001ecd0965800 JavaThread "C1 CompilerThread0" daemon [_thread_blocked, id=3032, stack(0x000000b795c00000,0x000000b795d00000)]
  0x000001ecd0966800 JavaThread "Sweeper thread" daemon [_thread_blocked, id=22316, stack(0x000000b795d00000,0x000000b795e00000)]
  0x000001ecd0ade000 JavaThread "Common-Cleaner" daemon [_thread_blocked, id=20648, stack(0x000000b795e00000,0x000000b795f00000)]
  0x000001ecd2e7c000 JavaThread "Daemon health stats" [_thread_blocked, id=6656, stack(0x000000b796600000,0x000000b796700000)]
  0x000001ecd168f000 JavaThread "Incoming local TCP Connector on port 60465" [_thread_in_native, id=21772, stack(0x000000b796000000,0x000000b796100000)]
  0x000001ecd17dc000 JavaThread "Daemon periodic checks" [_thread_blocked, id=21924, stack(0x000000b796700000,0x000000b796800000)]
  0x000001ecd4372000 JavaThread "Daemon" [_thread_blocked, id=19432, stack(0x000000b796800000,0x000000b796900000)]
  0x000001ecd1a8a000 JavaThread "Handler for socket connection from /127.0.0.1:60465 to /127.0.0.1:60466" [_thread_in_native, id=22280, stack(0x000000b796900000,0x000000b796a00000)]
  0x000001ecd24f1800 JavaThread "Cancel handler" [_thread_blocked, id=968, stack(0x000000b796a00000,0x000000b796b00000)]
  0x000001ecd2ca9800 JavaThread "Daemon worker" [_thread_in_vm, id=6880, stack(0x000000b796b00000,0x000000b796c00000)]
  0x000001ecd2fdc800 JavaThread "Asynchronous log dispatcher for DefaultDaemonConnection: socket connection from /127.0.0.1:60465 to /127.0.0.1:60466" [_thread_blocked, id=9736, stack(0x000000b796c00000,0x000000b796d00000)]
  0x000001ecd4593800 JavaThread "Stdin handler" [_thread_blocked, id=5856, stack(0x000000b796d00000,0x000000b796e00000)]
  0x000001ecd2fc3000 JavaThread "Daemon client event forwarder" [_thread_blocked, id=22116, stack(0x000000b796e00000,0x000000b796f00000)]
  0x000001ecd2fc5800 JavaThread "Cache worker for journal cache (C:\Users\Admin\.gradle\caches\journal-1)" [_thread_blocked, id=12360, stack(0x000000b796f00000,0x000000b797000000)]
  0x000001ecd2fc6000 JavaThread "File lock request listener" [_thread_in_native, id=15908, stack(0x000000b797000000,0x000000b797100000)]
  0x000001ecd2fc4800 JavaThread "Cache worker for file hash cache (C:\Users\Admin\.gradle\caches\7.3.3\fileHashes)" [_thread_blocked, id=4324, stack(0x000000b797100000,0x000000b797200000)]
  0x000001ecd2fc7000 JavaThread "Cache worker for file hash cache (D:\Projects\Grubbin\Grubbin\.gradle\7.3.3\fileHashes)" [_thread_blocked, id=16924, stack(0x000000b797600000,0x000000b797700000)]
  0x000001ecd2fc8000 JavaThread "File watcher server" daemon [_thread_in_native, id=13080, stack(0x000000b797800000,0x000000b797900000)]
  0x000001ecd2fc4000 JavaThread "File watcher consumer" daemon [_thread_blocked, id=21680, stack(0x000000b797900000,0x000000b797a00000)]
  0x000001ecd2fc2000 JavaThread "Cache worker for checksums cache (D:\Projects\Grubbin\Grubbin\.gradle\7.3.3\checksums)" [_thread_blocked, id=15480, stack(0x000000b797a00000,0x000000b797b00000)]
  0x000001ecd2fc8800 JavaThread "Cache worker for cache directory md-supplier (C:\Users\Admin\.gradle\caches\7.3.3\md-supplier)" [_thread_blocked, id=18200, stack(0x000000b797b00000,0x000000b797c00000)]
  0x000001ecd66a9000 JavaThread "Cache worker for cache directory md-rule (C:\Users\Admin\.gradle\caches\7.3.3\md-rule)" [_thread_blocked, id=18676, stack(0x000000b797c00000,0x000000b797d00000)]
  0x000001ecd66aa000 JavaThread "Cache worker for execution history cache (C:\Users\Admin\.gradle\caches\7.3.3\executionHistory)" [_thread_blocked, id=1384, stack(0x000000b797d00000,0x000000b797e00000)]
  0x000001ecd66ab000 JavaThread "C2 CompilerThread1" daemon [_thread_in_native, id=17616, stack(0x000000b797500000,0x000000b797600000)]
=>0x000001ecd66a8800 JavaThread "C2 CompilerThread2" daemon [_thread_in_native, id=6460, stack(0x000000b797700000,0x000000b797800000)]

Other Threads:
  0x000001ecd00bd800 VMThread "VM Thread" [stack: 0x000000b795500000,0x000000b795600000] [id=9432]
  0x000001ecd0af7000 WatcherThread [stack: 0x000000b795f00000,0x000000b796000000] [id=11200]
  0x000001ecb5431800 GCTaskThread "GC Thread#0" [stack: 0x000000b795000000,0x000000b795100000] [id=15132]
  0x000001ecd176c800 GCTaskThread "GC Thread#1" [stack: 0x000000b796100000,0x000000b796200000] [id=20484]
  0x000001ecd1018800 GCTaskThread "GC Thread#2" [stack: 0x000000b796200000,0x000000b796300000] [id=20916]
  0x000001ecd1019000 GCTaskThread "GC Thread#3" [stack: 0x000000b796300000,0x000000b796400000] [id=15980]
  0x000001ecd0f2e000 GCTaskThread "GC Thread#4" [stack: 0x000000b796400000,0x000000b796500000] [id=12624]
  0x000001ecd0f2e800 GCTaskThread "GC Thread#5" [stack: 0x000000b796500000,0x000000b796600000] [id=16296]
  0x000001ecd0af6800 GCTaskThread "GC Thread#6" [stack: 0x000000b797200000,0x000000b797300000] [id=19164]
  0x000001ecd2bdf000 GCTaskThread "GC Thread#7" [stack: 0x000000b797300000,0x000000b797400000] [id=17808]
  0x000001ecb5462800 ConcurrentGCThread "G1 Main Marker" [stack: 0x000000b795100000,0x000000b795200000] [id=11716]
  0x000001ecb5464800 ConcurrentGCThread "G1 Conc#0" [stack: 0x000000b795200000,0x000000b795300000] [id=4864]
  0x000001ecd17f3000 ConcurrentGCThread "G1 Conc#1" [stack: 0x000000b797400000,0x000000b797500000] [id=3216]
  0x000001ecb54fe000 ConcurrentGCThread "G1 Refine#0" [stack: 0x000000b795300000,0x000000b795400000] [id=17044]
  0x000001eccff38800 ConcurrentGCThread "G1 Young RemSet Sampling" [stack: 0x000000b795400000,0x000000b795500000] [id=20156]

Threads with active compile tasks:
C2 CompilerThread0   9713 3239       4       jdk.internal.loader.URLClassPath::getResource (74 bytes)
C2 CompilerThread1   9713 3182       4       java.util.regex.Pattern::compile (498 bytes)
C2 CompilerThread2   9713 3186       4       jdk.internal.jimage.ImageLocation::getAttributeString (54 bytes)

VM state:not at safepoint (normal execution)

VM Mutex/Monitor currently owned by a thread: None

Heap address: 0x0000000080000000, size: 2048 MB, Compressed Oops mode: 32-bit
Narrow klass base: 0x0000000000000000, Narrow klass shift: 3
Compressed class space size: 1073741824 Address: 0x0000000100000000

Heap:
 garbage-first heap   total 260096K, used 52134K [0x0000000080000000, 0x0000000100000000)
  region size 1024K, 36 young (36864K), 6 survivors (6144K)
 Metaspace       used 37126K, capacity 38044K, committed 38272K, reserved 1083392K
  class space    used 4790K, capacity 5121K, committed 5248K, reserved 1048576K
Heap Regions: E=young(eden), S=young(survivor), O=old, HS=humongous(starts), HC=humongous(continues), CS=collection set, F=free, A=archive, TAMS=top-at-mark-start (previous, next)
|   0|0x0000000080000000, 0x0000000080100000, 0x0000000080100000|100%| O|  |TAMS 0x0000000080100000, 0x0000000080000000| Untracked 
|   1|0x0000000080100000, 0x0000000080200000, 0x0000000080200000|100%| O|  |TAMS 0x0000000080200000, 0x0000000080100000| Untracked 
|   2|0x0000000080200000, 0x0000000080300000, 0x0000000080300000|100%| O|  |TAMS 0x0000000080300000, 0x0000000080200000| Untracked 
|   3|0x0000000080300000, 0x0000000080400000, 0x0000000080400000|100%|HS|  |TAMS 0x0000000080400000, 0x0000000080300000| Complete 
|   4|0x0000000080400000, 0x0000000080500000, 0x0000000080500000|100%|HC|  |TAMS 0x0000000080500000, 0x0000000080400000| Complete 
|   5|0x0000000080500000, 0x0000000080600000, 0x0000000080600000|100%|HC|  |TAMS 0x0000000080600000, 0x0000000080500000| Complete 
|   6|0x0000000080600000, 0x0000000080700000, 0x0000000080700000|100%| O|  |TAMS 0x0000000080700000, 0x0000000080600000| Untracked 
|   7|0x0000000080700000, 0x0000000080800000, 0x0000000080800000|100%| O|  |TAMS 0x0000000080800000, 0x0000000080700000| Untracked 
|   8|0x0000000080800000, 0x0000000080900000, 0x0000000080900000|100%| O|  |TAMS 0x0000000080900000, 0x0000000080800000| Untracked 
|   9|0x0000000080900000, 0x0000000080a00000, 0x0000000080a00000|100%| O|  |TAMS 0x0000000080a00000, 0x0000000080900000| Untracked 
|  10|0x0000000080a00000, 0x0000000080b00000, 0x0000000080b00000|100%| O|  |TAMS 0x0000000080b00000, 0x0000000080a00000| Untracked 
|  11|0x0000000080b00000, 0x0000000080c00000, 0x0000000080c00000|100%| O|  |TAMS 0x0000000080c00000, 0x0000000080b00000| Untracked 
|  12|0x0000000080c00000, 0x0000000080d00000, 0x0000000080d00000|100%| O|  |TAMS 0x0000000080d00000, 0x0000000080c00000| Untracked 
|  13|0x0000000080d00000, 0x0000000080e00000, 0x0000000080e00000|100%| O|  |TAMS 0x0000000080e00000, 0x0000000080d00000| Untracked 
|  14|0x0000000080e00000, 0x0000000080f00000, 0x0000000080f00000|100%| O|  |TAMS 0x0000000080f00000, 0x0000000080e00000| Untracked 
|  15|0x0000000080f00000, 0x0000000081000000, 0x0000000081000000|100%| O|  |TAMS 0x0000000081000000, 0x0000000080f00000| Untracked 
|  16|0x0000000081000000, 0x00000000810b2800, 0x0000000081100000| 69%| O|  |TAMS 0x00000000810b2800, 0x0000000081000000| Untracked 
|  17|0x0000000081100000, 0x0000000081100000, 0x0000000081200000|  0%| F|  |TAMS 0x0000000081100000, 0x0000000081100000| Untracked 
|  18|0x0000000081200000, 0x0000000081200000, 0x0000000081300000|  0%| F|  |TAMS 0x0000000081200000, 0x0000000081200000| Untracked 
|  19|0x0000000081300000, 0x0000000081300000, 0x0000000081400000|  0%| F|  |TAMS 0x0000000081300000, 0x0000000081300000| Untracked 
|  20|0x0000000081400000, 0x0000000081400000, 0x0000000081500000|  0%| F|  |TAMS 0x0000000081400000, 0x0000000081400000| Untracked 
|  21|0x0000000081500000, 0x0000000081500000, 0x0000000081600000|  0%| F|  |TAMS 0x0000000081500000, 0x0000000081500000| Untracked 
|  22|0x0000000081600000, 0x0000000081600000, 0x0000000081700000|  0%| F|  |TAMS 0x0000000081600000, 0x0000000081600000| Untracked 
|  23|0x0000000081700000, 0x0000000081700000, 0x0000000081800000|  0%| F|  |TAMS 0x0000000081700000, 0x0000000081700000| Untracked 
|  24|0x0000000081800000, 0x0000000081800000, 0x0000000081900000|  0%| F|  |TAMS 0x0000000081800000, 0x0000000081800000| Untracked 
|  25|0x0000000081900000, 0x0000000081900000, 0x0000000081a00000|  0%| F|  |TAMS 0x0000000081900000, 0x0000000081900000| Untracked 
|  26|0x0000000081a00000, 0x0000000081a00000, 0x0000000081b00000|  0%| F|  |TAMS 0x0000000081a00000, 0x0000000081a00000| Untracked 
|  27|0x0000000081b00000, 0x0000000081b00000, 0x0000000081c00000|  0%| F|  |TAMS 0x0000000081b00000, 0x0000000081b00000| Untracked 
|  28|0x0000000081c00000, 0x0000000081c00000, 0x0000000081d00000|  0%| F|  |TAMS 0x0000000081c00000, 0x0000000081c00000| Untracked 
|  29|0x0000000081d00000, 0x0000000081d00000, 0x0000000081e00000|  0%| F|  |TAMS 0x0000000081d00000, 0x0000000081d00000| Untracked 
|  30|0x0000000081e00000, 0x0000000081e00000, 0x0000000081f00000|  0%| F|  |TAMS 0x0000000081e00000, 0x0000000081e00000| Untracked 
|  31|0x0000000081f00000, 0x0000000081f00000, 0x0000000082000000|  0%| F|  |TAMS 0x0000000081f00000, 0x0000000081f00000| Untracked 
|  32|0x0000000082000000, 0x0000000082000000, 0x0000000082100000|  0%| F|  |TAMS 0x0000000082000000, 0x0000000082000000| Untracked 
|  33|0x0000000082100000, 0x0000000082100000, 0x0000000082200000|  0%| F|  |TAMS 0x0000000082100000, 0x0000000082100000| Untracked 
|  34|0x0000000082200000, 0x0000000082200000, 0x0000000082300000|  0%| F|  |TAMS 0x0000000082200000, 0x0000000082200000| Untracked 
|  35|0x0000000082300000, 0x0000000082300000, 0x0000000082400000|  0%| F|  |TAMS 0x0000000082300000, 0x0000000082300000| Untracked 
|  36|0x0000000082400000, 0x0000000082400000, 0x0000000082500000|  0%| F|  |TAMS 0x0000000082400000, 0x0000000082400000| Untracked 
|  37|0x0000000082500000, 0x0000000082500000, 0x0000000082600000|  0%| F|  |TAMS 0x0000000082500000, 0x0000000082500000| Untracked 
|  38|0x0000000082600000, 0x0000000082600000, 0x0000000082700000|  0%| F|  |TAMS 0x0000000082600000, 0x0000000082600000| Untracked 
|  39|0x0000000082700000, 0x0000000082700000, 0x0000000082800000|  0%| F|  |TAMS 0x0000000082700000, 0x0000000082700000| Untracked 
|  40|0x0000000082800000, 0x0000000082800000, 0x0000000082900000|  0%| F|  |TAMS 0x0000000082800000, 0x0000000082800000| Untracked 
|  41|0x0000000082900000, 0x0000000082900000, 0x0000000082a00000|  0%| F|  |TAMS 0x0000000082900000, 0x0000000082900000| Untracked 
|  42|0x0000000082a00000, 0x0000000082a00000, 0x0000000082b00000|  0%| F|  |TAMS 0x0000000082a00000, 0x0000000082a00000| Untracked 
|  43|0x0000000082b00000, 0x0000000082b00000, 0x0000000082c00000|  0%| F|  |TAMS 0x0000000082b00000, 0x0000000082b00000| Untracked 
|  44|0x0000000082c00000, 0x0000000082c00000, 0x0000000082d00000|  0%| F|  |TAMS 0x0000000082c00000, 0x0000000082c00000| Untracked 
|  45|0x0000000082d00000, 0x0000000082d00000, 0x0000000082e00000|  0%| F|  |TAMS 0x0000000082d00000, 0x0000000082d00000| Untracked 
|  46|0x0000000082e00000, 0x0000000082e00000, 0x0000000082f00000|  0%| F|  |TAMS 0x0000000082e00000, 0x0000000082e00000| Untracked 
|  47|0x0000000082f00000, 0x0000000082f00000, 0x0000000083000000|  0%| F|  |TAMS 0x0000000082f00000, 0x0000000082f00000| Untracked 
|  48|0x0000000083000000, 0x0000000083000000, 0x0000000083100000|  0%| F|  |TAMS 0x0000000083000000, 0x0000000083000000| Untracked 
|  49|0x0000000083100000, 0x0000000083100000, 0x0000000083200000|  0%| F|  |TAMS 0x0000000083100000, 0x0000000083100000| Untracked 
|  50|0x0000000083200000, 0x0000000083200000, 0x0000000083300000|  0%| F|  |TAMS 0x0000000083200000, 0x0000000083200000| Untracked 
|  51|0x0000000083300000, 0x0000000083300000, 0x0000000083400000|  0%| F|  |TAMS 0x0000000083300000, 0x0000000083300000| Untracked 
|  52|0x0000000083400000, 0x0000000083400000, 0x0000000083500000|  0%| F|  |TAMS 0x0000000083400000, 0x0000000083400000| Untracked 
|  53|0x0000000083500000, 0x0000000083500000, 0x0000000083600000|  0%| F|  |TAMS 0x0000000083500000, 0x0000000083500000| Untracked 
|  54|0x0000000083600000, 0x0000000083600000, 0x0000000083700000|  0%| F|  |TAMS 0x0000000083600000, 0x0000000083600000| Untracked 
|  55|0x0000000083700000, 0x0000000083700000, 0x0000000083800000|  0%| F|  |TAMS 0x0000000083700000, 0x0000000083700000| Untracked 
|  56|0x0000000083800000, 0x0000000083800000, 0x0000000083900000|  0%| F|  |TAMS 0x0000000083800000, 0x0000000083800000| Untracked 
|  57|0x0000000083900000, 0x0000000083900000, 0x0000000083a00000|  0%| F|  |TAMS 0x0000000083900000, 0x0000000083900000| Untracked 
|  58|0x0000000083a00000, 0x0000000083a00000, 0x0000000083b00000|  0%| F|  |TAMS 0x0000000083a00000, 0x0000000083a00000| Untracked 
|  59|0x0000000083b00000, 0x0000000083b00000, 0x0000000083c00000|  0%| F|  |TAMS 0x0000000083b00000, 0x0000000083b00000| Untracked 
|  60|0x0000000083c00000, 0x0000000083c00000, 0x0000000083d00000|  0%| F|  |TAMS 0x0000000083c00000, 0x0000000083c00000| Untracked 
|  61|0x0000000083d00000, 0x0000000083d00000, 0x0000000083e00000|  0%| F|  |TAMS 0x0000000083d00000, 0x0000000083d00000| Untracked 
|  62|0x0000000083e00000, 0x0000000083e00000, 0x0000000083f00000|  0%| F|  |TAMS 0x0000000083e00000, 0x0000000083e00000| Untracked 
|  63|0x0000000083f00000, 0x0000000083f00000, 0x0000000084000000|  0%| F|  |TAMS 0x0000000083f00000, 0x0000000083f00000| Untracked 
|  64|0x0000000084000000, 0x0000000084000000, 0x0000000084100000|  0%| F|  |TAMS 0x0000000084000000, 0x0000000084000000| Untracked 
|  65|0x0000000084100000, 0x0000000084100000, 0x0000000084200000|  0%| F|  |TAMS 0x0000000084100000, 0x0000000084100000| Untracked 
|  66|0x0000000084200000, 0x0000000084200000, 0x0000000084300000|  0%| F|  |TAMS 0x0000000084200000, 0x0000000084200000| Untracked 
|  67|0x0000000084300000, 0x0000000084300000, 0x0000000084400000|  0%| F|  |TAMS 0x0000000084300000, 0x0000000084300000| Untracked 
|  68|0x0000000084400000, 0x0000000084400000, 0x0000000084500000|  0%| F|  |TAMS 0x0000000084400000, 0x0000000084400000| Untracked 
|  69|0x0000000084500000, 0x0000000084500000, 0x0000000084600000|  0%| F|  |TAMS 0x0000000084500000, 0x0000000084500000| Untracked 
|  70|0x0000000084600000, 0x0000000084600000, 0x0000000084700000|  0%| F|  |TAMS 0x0000000084600000, 0x0000000084600000| Untracked 
|  71|0x0000000084700000, 0x0000000084700000, 0x0000000084800000|  0%| F|  |TAMS 0x0000000084700000, 0x0000000084700000| Untracked 
|  72|0x0000000084800000, 0x0000000084800000, 0x0000000084900000|  0%| F|  |TAMS 0x0000000084800000, 0x0000000084800000| Untracked 
|  73|0x0000000084900000, 0x0000000084900000, 0x0000000084a00000|  0%| F|  |TAMS 0x0000000084900000, 0x0000000084900000| Untracked 
|  74|0x0000000084a00000, 0x0000000084a00000, 0x0000000084b00000|  0%| F|  |TAMS 0x0000000084a00000, 0x0000000084a00000| Untracked 
|  75|0x0000000084b00000, 0x0000000084b00000, 0x0000000084c00000|  0%| F|  |TAMS 0x0000000084b00000, 0x0000000084b00000| Untracked 
|  76|0x0000000084c00000, 0x0000000084c00000, 0x0000000084d00000|  0%| F|  |TAMS 0x0000000084c00000, 0x0000000084c00000| Untracked 
|  77|0x0000000084d00000, 0x0000000084d00000, 0x0000000084e00000|  0%| F|  |TAMS 0x0000000084d00000, 0x0000000084d00000| Untracked 
|  78|0x0000000084e00000, 0x0000000084e00000, 0x0000000084f00000|  0%| F|  |TAMS 0x0000000084e00000, 0x0000000084e00000| Untracked 
|  79|0x0000000084f00000, 0x0000000084f00000, 0x0000000085000000|  0%| F|  |TAMS 0x0000000084f00000, 0x0000000084f00000| Untracked 
|  80|0x0000000085000000, 0x0000000085000000, 0x0000000085100000|  0%| F|  |TAMS 0x0000000085000000, 0x0000000085000000| Untracked 
|  81|0x0000000085100000, 0x0000000085100000, 0x0000000085200000|  0%| F|  |TAMS 0x0000000085100000, 0x0000000085100000| Untracked 
|  82|0x0000000085200000, 0x0000000085200000, 0x0000000085300000|  0%| F|  |TAMS 0x0000000085200000, 0x0000000085200000| Untracked 
|  83|0x0000000085300000, 0x0000000085300000, 0x0000000085400000|  0%| F|  |TAMS 0x0000000085300000, 0x0000000085300000| Untracked 
|  84|0x0000000085400000, 0x0000000085400000, 0x0000000085500000|  0%| F|  |TAMS 0x0000000085400000, 0x0000000085400000| Untracked 
|  85|0x0000000085500000, 0x0000000085500000, 0x0000000085600000|  0%| F|  |TAMS 0x0000000085500000, 0x0000000085500000| Untracked 
|  86|0x0000000085600000, 0x0000000085600000, 0x0000000085700000|  0%| F|  |TAMS 0x0000000085600000, 0x0000000085600000| Untracked 
|  87|0x0000000085700000, 0x0000000085700000, 0x0000000085800000|  0%| F|  |TAMS 0x0000000085700000, 0x0000000085700000| Untracked 
|  88|0x0000000085800000, 0x0000000085800000, 0x0000000085900000|  0%| F|  |TAMS 0x0000000085800000, 0x0000000085800000| Untracked 
|  89|0x0000000085900000, 0x0000000085900000, 0x0000000085a00000|  0%| F|  |TAMS 0x0000000085900000, 0x0000000085900000| Untracked 
|  90|0x0000000085a00000, 0x0000000085a00000, 0x0000000085b00000|  0%| F|  |TAMS 0x0000000085a00000, 0x0000000085a00000| Untracked 
|  91|0x0000000085b00000, 0x0000000085b00000, 0x0000000085c00000|  0%| F|  |TAMS 0x0000000085b00000, 0x0000000085b00000| Untracked 
|  92|0x0000000085c00000, 0x0000000085c00000, 0x0000000085d00000|  0%| F|  |TAMS 0x0000000085c00000, 0x0000000085c00000| Untracked 
|  93|0x0000000085d00000, 0x0000000085d00000, 0x0000000085e00000|  0%| F|  |TAMS 0x0000000085d00000, 0x0000000085d00000| Untracked 
|  94|0x0000000085e00000, 0x0000000085e00000, 0x0000000085f00000|  0%| F|  |TAMS 0x0000000085e00000, 0x0000000085e00000| Untracked 
|  95|0x0000000085f00000, 0x0000000085f00000, 0x0000000086000000|  0%| F|  |TAMS 0x0000000085f00000, 0x0000000085f00000| Untracked 
|  96|0x0000000086000000, 0x0000000086000000, 0x0000000086100000|  0%| F|  |TAMS 0x0000000086000000, 0x0000000086000000| Untracked 
|  97|0x0000000086100000, 0x0000000086100000, 0x0000000086200000|  0%| F|  |TAMS 0x0000000086100000, 0x0000000086100000| Untracked 
|  98|0x0000000086200000, 0x0000000086200000, 0x0000000086300000|  0%| F|  |TAMS 0x0000000086200000, 0x0000000086200000| Untracked 
|  99|0x0000000086300000, 0x0000000086300000, 0x0000000086400000|  0%| F|  |TAMS 0x0000000086300000, 0x0000000086300000| Untracked 
| 100|0x0000000086400000, 0x0000000086400000, 0x0000000086500000|  0%| F|  |TAMS 0x0000000086400000, 0x0000000086400000| Untracked 
| 101|0x0000000086500000, 0x0000000086500000, 0x0000000086600000|  0%| F|  |TAMS 0x0000000086500000, 0x0000000086500000| Untracked 
| 102|0x0000000086600000, 0x0000000086600000, 0x0000000086700000|  0%| F|  |TAMS 0x0000000086600000, 0x0000000086600000| Untracked 
| 103|0x0000000086700000, 0x0000000086700000, 0x0000000086800000|  0%| F|  |TAMS 0x0000000086700000, 0x0000000086700000| Untracked 
| 104|0x0000000086800000, 0x0000000086800000, 0x0000000086900000|  0%| F|  |TAMS 0x0000000086800000, 0x0000000086800000| Untracked 
| 105|0x0000000086900000, 0x0000000086900000, 0x0000000086a00000|  0%| F|  |TAMS 0x0000000086900000, 0x0000000086900000| Untracked 
| 106|0x0000000086a00000, 0x0000000086a00000, 0x0000000086b00000|  0%| F|  |TAMS 0x0000000086a00000, 0x0000000086a00000| Untracked 
| 107|0x0000000086b00000, 0x0000000086b00000, 0x0000000086c00000|  0%| F|  |TAMS 0x0000000086b00000, 0x0000000086b00000| Untracked 
| 108|0x0000000086c00000, 0x0000000086c00000, 0x0000000086d00000|  0%| F|  |TAMS 0x0000000086c00000, 0x0000000086c00000| Untracked 
| 109|0x0000000086d00000, 0x0000000086d00000, 0x0000000086e00000|  0%| F|  |TAMS 0x0000000086d00000, 0x0000000086d00000| Untracked 
| 110|0x0000000086e00000, 0x0000000086e00000, 0x0000000086f00000|  0%| F|  |TAMS 0x0000000086e00000, 0x0000000086e00000| Untracked 
| 111|0x0000000086f00000, 0x0000000086f00000, 0x0000000087000000|  0%| F|  |TAMS 0x0000000086f00000, 0x0000000086f00000| Untracked 
| 112|0x0000000087000000, 0x0000000087000000, 0x0000000087100000|  0%| F|  |TAMS 0x0000000087000000, 0x0000000087000000| Untracked 
| 113|0x0000000087100000, 0x0000000087100000, 0x0000000087200000|  0%| F|  |TAMS 0x0000000087100000, 0x0000000087100000| Untracked 
| 114|0x0000000087200000, 0x0000000087200000, 0x0000000087300000|  0%| F|  |TAMS 0x0000000087200000, 0x0000000087200000| Untracked 
| 115|0x0000000087300000, 0x0000000087300000, 0x0000000087400000|  0%| F|  |TAMS 0x0000000087300000, 0x0000000087300000| Untracked 
| 116|0x0000000087400000, 0x0000000087400000, 0x0000000087500000|  0%| F|  |TAMS 0x0000000087400000, 0x0000000087400000| Untracked 
| 117|0x0000000087500000, 0x0000000087500000, 0x0000000087600000|  0%| F|  |TAMS 0x0000000087500000, 0x0000000087500000| Untracked 
| 118|0x0000000087600000, 0x0000000087600000, 0x0000000087700000|  0%| F|  |TAMS 0x0000000087600000, 0x0000000087600000| Untracked 
| 119|0x0000000087700000, 0x0000000087700000, 0x0000000087800000|  0%| F|  |TAMS 0x0000000087700000, 0x0000000087700000| Untracked 
| 120|0x0000000087800000, 0x0000000087800000, 0x0000000087900000|  0%| F|  |TAMS 0x0000000087800000, 0x0000000087800000| Untracked 
| 121|0x0000000087900000, 0x0000000087900000, 0x0000000087a00000|  0%| F|  |TAMS 0x0000000087900000, 0x0000000087900000| Untracked 
| 122|0x0000000087a00000, 0x0000000087a00000, 0x0000000087b00000|  0%| F|  |TAMS 0x0000000087a00000, 0x0000000087a00000| Untracked 
| 123|0x0000000087b00000, 0x0000000087b00000, 0x0000000087c00000|  0%| F|  |TAMS 0x0000000087b00000, 0x0000000087b00000| Untracked 
| 124|0x0000000087c00000, 0x0000000087c00000, 0x0000000087d00000|  0%| F|  |TAMS 0x0000000087c00000, 0x0000000087c00000| Untracked 
| 125|0x0000000087d00000, 0x0000000087d00000, 0x0000000087e00000|  0%| F|  |TAMS 0x0000000087d00000, 0x0000000087d00000| Untracked 
| 126|0x0000000087e00000, 0x0000000087e00000, 0x0000000087f00000|  0%| F|  |TAMS 0x0000000087e00000, 0x0000000087e00000| Untracked 
| 127|0x0000000087f00000, 0x0000000087f00000, 0x0000000088000000|  0%| F|  |TAMS 0x0000000087f00000, 0x0000000087f00000| Untracked 
| 128|0x0000000088000000, 0x0000000088000000, 0x0000000088100000|  0%| F|  |TAMS 0x0000000088000000, 0x0000000088000000| Untracked 
| 129|0x0000000088100000, 0x0000000088100000, 0x0000000088200000|  0%| F|  |TAMS 0x0000000088100000, 0x0000000088100000| Untracked 
| 130|0x0000000088200000, 0x0000000088200000, 0x0000000088300000|  0%| F|  |TAMS 0x0000000088200000, 0x0000000088200000| Untracked 
| 131|0x0000000088300000, 0x0000000088300000, 0x0000000088400000|  0%| F|  |TAMS 0x0000000088300000, 0x0000000088300000| Untracked 
| 132|0x0000000088400000, 0x0000000088400000, 0x0000000088500000|  0%| F|  |TAMS 0x0000000088400000, 0x0000000088400000| Untracked 
| 133|0x0000000088500000, 0x0000000088500000, 0x0000000088600000|  0%| F|  |TAMS 0x0000000088500000, 0x0000000088500000| Untracked 
| 134|0x0000000088600000, 0x0000000088600000, 0x0000000088700000|  0%| F|  |TAMS 0x0000000088600000, 0x0000000088600000| Untracked 
| 135|0x0000000088700000, 0x0000000088700000, 0x0000000088800000|  0%| F|  |TAMS 0x0000000088700000, 0x0000000088700000| Untracked 
| 136|0x0000000088800000, 0x0000000088800000, 0x0000000088900000|  0%| F|  |TAMS 0x0000000088800000, 0x0000000088800000| Untracked 
| 137|0x0000000088900000, 0x0000000088900000, 0x0000000088a00000|  0%| F|  |TAMS 0x0000000088900000, 0x0000000088900000| Untracked 
| 138|0x0000000088a00000, 0x0000000088a00000, 0x0000000088b00000|  0%| F|  |TAMS 0x0000000088a00000, 0x0000000088a00000| Untracked 
| 139|0x0000000088b00000, 0x0000000088b00000, 0x0000000088c00000|  0%| F|  |TAMS 0x0000000088b00000, 0x0000000088b00000| Untracked 
| 140|0x0000000088c00000, 0x0000000088c00000, 0x0000000088d00000|  0%| F|  |TAMS 0x0000000088c00000, 0x0000000088c00000| Untracked 
| 141|0x0000000088d00000, 0x0000000088d00000, 0x0000000088e00000|  0%| F|  |TAMS 0x0000000088d00000, 0x0000000088d00000| Untracked 
| 142|0x0000000088e00000, 0x0000000088e00000, 0x0000000088f00000|  0%| F|  |TAMS 0x0000000088e00000, 0x0000000088e00000| Untracked 
| 143|0x0000000088f00000, 0x0000000088f00000, 0x0000000089000000|  0%| F|  |TAMS 0x0000000088f00000, 0x0000000088f00000| Untracked 
| 144|0x0000000089000000, 0x0000000089000000, 0x0000000089100000|  0%| F|  |TAMS 0x0000000089000000, 0x0000000089000000| Untracked 
| 145|0x0000000089100000, 0x0000000089100000, 0x0000000089200000|  0%| F|  |TAMS 0x0000000089100000, 0x0000000089100000| Untracked 
| 146|0x0000000089200000, 0x0000000089200000, 0x0000000089300000|  0%| F|  |TAMS 0x0000000089200000, 0x0000000089200000| Untracked 
| 147|0x0000000089300000, 0x0000000089300000, 0x0000000089400000|  0%| F|  |TAMS 0x0000000089300000, 0x0000000089300000| Untracked 
| 148|0x0000000089400000, 0x0000000089400000, 0x0000000089500000|  0%| F|  |TAMS 0x0000000089400000, 0x0000000089400000| Untracked 
| 149|0x0000000089500000, 0x0000000089500000, 0x0000000089600000|  0%| F|  |TAMS 0x0000000089500000, 0x0000000089500000| Untracked 
| 150|0x0000000089600000, 0x0000000089600000, 0x0000000089700000|  0%| F|  |TAMS 0x0000000089600000, 0x0000000089600000| Untracked 
| 151|0x0000000089700000, 0x0000000089700000, 0x0000000089800000|  0%| F|  |TAMS 0x0000000089700000, 0x0000000089700000| Untracked 
| 152|0x0000000089800000, 0x0000000089800000, 0x0000000089900000|  0%| F|  |TAMS 0x0000000089800000, 0x0000000089800000| Untracked 
| 153|0x0000000089900000, 0x0000000089900000, 0x0000000089a00000|  0%| F|  |TAMS 0x0000000089900000, 0x0000000089900000| Untracked 
| 154|0x0000000089a00000, 0x0000000089a00000, 0x0000000089b00000|  0%| F|  |TAMS 0x0000000089a00000, 0x0000000089a00000| Untracked 
| 155|0x0000000089b00000, 0x0000000089b00000, 0x0000000089c00000|  0%| F|  |TAMS 0x0000000089b00000, 0x0000000089b00000| Untracked 
| 156|0x0000000089c00000, 0x0000000089c00000, 0x0000000089d00000|  0%| F|  |TAMS 0x0000000089c00000, 0x0000000089c00000| Untracked 
| 157|0x0000000089d00000, 0x0000000089d00000, 0x0000000089e00000|  0%| F|  |TAMS 0x0000000089d00000, 0x0000000089d00000| Untracked 
| 158|0x0000000089e00000, 0x0000000089e00000, 0x0000000089f00000|  0%| F|  |TAMS 0x0000000089e00000, 0x0000000089e00000| Untracked 
| 159|0x0000000089f00000, 0x0000000089f00000, 0x000000008a000000|  0%| F|  |TAMS 0x0000000089f00000, 0x0000000089f00000| Untracked 
| 160|0x000000008a000000, 0x000000008a000000, 0x000000008a100000|  0%| F|  |TAMS 0x000000008a000000, 0x000000008a000000| Untracked 
| 161|0x000000008a100000, 0x000000008a100000, 0x000000008a200000|  0%| F|  |TAMS 0x000000008a100000, 0x000000008a100000| Untracked 
| 162|0x000000008a200000, 0x000000008a200000, 0x000000008a300000|  0%| F|  |TAMS 0x000000008a200000, 0x000000008a200000| Untracked 
| 163|0x000000008a300000, 0x000000008a300000, 0x000000008a400000|  0%| F|  |TAMS 0x000000008a300000, 0x000000008a300000| Untracked 
| 164|0x000000008a400000, 0x000000008a4373e8, 0x000000008a500000| 21%| S|CS|TAMS 0x000000008a400000, 0x000000008a400000| Complete 
| 165|0x000000008a500000, 0x000000008a600000, 0x000000008a600000|100%| S|CS|TAMS 0x000000008a500000, 0x000000008a500000| Complete 
| 166|0x000000008a600000, 0x000000008a700000, 0x000000008a700000|100%| S|CS|TAMS 0x000000008a600000, 0x000000008a600000| Complete 
| 167|0x000000008a700000, 0x000000008a800000, 0x000000008a800000|100%| S|CS|TAMS 0x000000008a700000, 0x000000008a700000| Complete 
| 168|0x000000008a800000, 0x000000008a900000, 0x000000008a900000|100%| S|CS|TAMS 0x000000008a800000, 0x000000008a800000| Complete 
| 169|0x000000008a900000, 0x000000008aa00000, 0x000000008aa00000|100%| S|CS|TAMS 0x000000008a900000, 0x000000008a900000| Complete 
| 170|0x000000008aa00000, 0x000000008aa00000, 0x000000008ab00000|  0%| F|  |TAMS 0x000000008aa00000, 0x000000008aa00000| Untracked 
| 171|0x000000008ab00000, 0x000000008ab00000, 0x000000008ac00000|  0%| F|  |TAMS 0x000000008ab00000, 0x000000008ab00000| Untracked 
| 172|0x000000008ac00000, 0x000000008ac00000, 0x000000008ad00000|  0%| F|  |TAMS 0x000000008ac00000, 0x000000008ac00000| Untracked 
| 173|0x000000008ad00000, 0x000000008ad00000, 0x000000008ae00000|  0%| F|  |TAMS 0x000000008ad00000, 0x000000008ad00000| Untracked 
| 174|0x000000008ae00000, 0x000000008ae00000, 0x000000008af00000|  0%| F|  |TAMS 0x000000008ae00000, 0x000000008ae00000| Untracked 
| 175|0x000000008af00000, 0x000000008af00000, 0x000000008b000000|  0%| F|  |TAMS 0x000000008af00000, 0x000000008af00000| Untracked 
| 176|0x000000008b000000, 0x000000008b000000, 0x000000008b100000|  0%| F|  |TAMS 0x000000008b000000, 0x000000008b000000| Untracked 
| 177|0x000000008b100000, 0x000000008b100000, 0x000000008b200000|  0%| F|  |TAMS 0x000000008b100000, 0x000000008b100000| Untracked 
| 178|0x000000008b200000, 0x000000008b200000, 0x000000008b300000|  0%| F|  |TAMS 0x000000008b200000, 0x000000008b200000| Untracked 
| 179|0x000000008b300000, 0x000000008b300000, 0x000000008b400000|  0%| F|  |TAMS 0x000000008b300000, 0x000000008b300000| Untracked 
| 180|0x000000008b400000, 0x000000008b400000, 0x000000008b500000|  0%| F|  |TAMS 0x000000008b400000, 0x000000008b400000| Untracked 
| 181|0x000000008b500000, 0x000000008b500000, 0x000000008b600000|  0%| F|  |TAMS 0x000000008b500000, 0x000000008b500000| Untracked 
| 182|0x000000008b600000, 0x000000008b600000, 0x000000008b700000|  0%| F|  |TAMS 0x000000008b600000, 0x000000008b600000| Untracked 
| 183|0x000000008b700000, 0x000000008b700000, 0x000000008b800000|  0%| F|  |TAMS 0x000000008b700000, 0x000000008b700000| Untracked 
| 184|0x000000008b800000, 0x000000008b800000, 0x000000008b900000|  0%| F|  |TAMS 0x000000008b800000, 0x000000008b800000| Untracked 
| 185|0x000000008b900000, 0x000000008b900000, 0x000000008ba00000|  0%| F|  |TAMS 0x000000008b900000, 0x000000008b900000| Untracked 
| 186|0x000000008ba00000, 0x000000008ba00000, 0x000000008bb00000|  0%| F|  |TAMS 0x000000008ba00000, 0x000000008ba00000| Untracked 
| 187|0x000000008bb00000, 0x000000008bb00000, 0x000000008bc00000|  0%| F|  |TAMS 0x000000008bb00000, 0x000000008bb00000| Untracked 
| 188|0x000000008bc00000, 0x000000008bc00000, 0x000000008bd00000|  0%| F|  |TAMS 0x000000008bc00000, 0x000000008bc00000| Untracked 
| 189|0x000000008bd00000, 0x000000008bd00000, 0x000000008be00000|  0%| F|  |TAMS 0x000000008bd00000, 0x000000008bd00000| Untracked 
| 190|0x000000008be00000, 0x000000008be00000, 0x000000008bf00000|  0%| F|  |TAMS 0x000000008be00000, 0x000000008be00000| Untracked 
| 191|0x000000008bf00000, 0x000000008bf00000, 0x000000008c000000|  0%| F|  |TAMS 0x000000008bf00000, 0x000000008bf00000| Untracked 
| 192|0x000000008c000000, 0x000000008c000000, 0x000000008c100000|  0%| F|  |TAMS 0x000000008c000000, 0x000000008c000000| Untracked 
| 193|0x000000008c100000, 0x000000008c100000, 0x000000008c200000|  0%| F|  |TAMS 0x000000008c100000, 0x000000008c100000| Untracked 
| 194|0x000000008c200000, 0x000000008c200000, 0x000000008c300000|  0%| F|  |TAMS 0x000000008c200000, 0x000000008c200000| Untracked 
| 195|0x000000008c300000, 0x000000008c300000, 0x000000008c400000|  0%| F|  |TAMS 0x000000008c300000, 0x000000008c300000| Untracked 
| 196|0x000000008c400000, 0x000000008c400000, 0x000000008c500000|  0%| F|  |TAMS 0x000000008c400000, 0x000000008c400000| Untracked 
| 197|0x000000008c500000, 0x000000008c500000, 0x000000008c600000|  0%| F|  |TAMS 0x000000008c500000, 0x000000008c500000| Untracked 
| 198|0x000000008c600000, 0x000000008c600000, 0x000000008c700000|  0%| F|  |TAMS 0x000000008c600000, 0x000000008c600000| Untracked 
| 199|0x000000008c700000, 0x000000008c700000, 0x000000008c800000|  0%| F|  |TAMS 0x000000008c700000, 0x000000008c700000| Untracked 
| 200|0x000000008c800000, 0x000000008c800000, 0x000000008c900000|  0%| F|  |TAMS 0x000000008c800000, 0x000000008c800000| Untracked 
| 201|0x000000008c900000, 0x000000008c900000, 0x000000008ca00000|  0%| F|  |TAMS 0x000000008c900000, 0x000000008c900000| Untracked 
| 202|0x000000008ca00000, 0x000000008ca00000, 0x000000008cb00000|  0%| F|  |TAMS 0x000000008ca00000, 0x000000008ca00000| Untracked 
| 203|0x000000008cb00000, 0x000000008cb00000, 0x000000008cc00000|  0%| F|  |TAMS 0x000000008cb00000, 0x000000008cb00000| Untracked 
| 204|0x000000008cc00000, 0x000000008cc00000, 0x000000008cd00000|  0%| F|  |TAMS 0x000000008cc00000, 0x000000008cc00000| Untracked 
| 205|0x000000008cd00000, 0x000000008cd00000, 0x000000008ce00000|  0%| F|  |TAMS 0x000000008cd00000, 0x000000008cd00000| Untracked 
| 206|0x000000008ce00000, 0x000000008ce00000, 0x000000008cf00000|  0%| F|  |TAMS 0x000000008ce00000, 0x000000008ce00000| Untracked 
| 207|0x000000008cf00000, 0x000000008cf00000, 0x000000008d000000|  0%| F|  |TAMS 0x000000008cf00000, 0x000000008cf00000| Untracked 
| 208|0x000000008d000000, 0x000000008d000000, 0x000000008d100000|  0%| F|  |TAMS 0x000000008d000000, 0x000000008d000000| Untracked 
| 209|0x000000008d100000, 0x000000008d100000, 0x000000008d200000|  0%| F|  |TAMS 0x000000008d100000, 0x000000008d100000| Untracked 
| 210|0x000000008d200000, 0x000000008d200000, 0x000000008d300000|  0%| F|  |TAMS 0x000000008d200000, 0x000000008d200000| Untracked 
| 211|0x000000008d300000, 0x000000008d300000, 0x000000008d400000|  0%| F|  |TAMS 0x000000008d300000, 0x000000008d300000| Untracked 
| 212|0x000000008d400000, 0x000000008d400000, 0x000000008d500000|  0%| F|  |TAMS 0x000000008d400000, 0x000000008d400000| Untracked 
| 213|0x000000008d500000, 0x000000008d500000, 0x000000008d600000|  0%| F|  |TAMS 0x000000008d500000, 0x000000008d500000| Untracked 
| 214|0x000000008d600000, 0x000000008d600000, 0x000000008d700000|  0%| F|  |TAMS 0x000000008d600000, 0x000000008d600000| Untracked 
| 215|0x000000008d700000, 0x000000008d700000, 0x000000008d800000|  0%| F|  |TAMS 0x000000008d700000, 0x000000008d700000| Untracked 
| 216|0x000000008d800000, 0x000000008d800000, 0x000000008d900000|  0%| F|  |TAMS 0x000000008d800000, 0x000000008d800000| Untracked 
| 217|0x000000008d900000, 0x000000008d900000, 0x000000008da00000|  0%| F|  |TAMS 0x000000008d900000, 0x000000008d900000| Untracked 
| 218|0x000000008da00000, 0x000000008da00000, 0x000000008db00000|  0%| F|  |TAMS 0x000000008da00000, 0x000000008da00000| Untracked 
| 219|0x000000008db00000, 0x000000008db00000, 0x000000008dc00000|  0%| F|  |TAMS 0x000000008db00000, 0x000000008db00000| Untracked 
| 220|0x000000008dc00000, 0x000000008dc00000, 0x000000008dd00000|  0%| F|  |TAMS 0x000000008dc00000, 0x000000008dc00000| Untracked 
| 221|0x000000008dd00000, 0x000000008dd00000, 0x000000008de00000|  0%| F|  |TAMS 0x000000008dd00000, 0x000000008dd00000| Untracked 
| 222|0x000000008de00000, 0x000000008de00000, 0x000000008df00000|  0%| F|  |TAMS 0x000000008de00000, 0x000000008de00000| Untracked 
| 223|0x000000008df00000, 0x000000008df00000, 0x000000008e000000|  0%| F|  |TAMS 0x000000008df00000, 0x000000008df00000| Untracked 
| 224|0x000000008e000000, 0x000000008e100000, 0x000000008e100000|100%| E|  |TAMS 0x000000008e000000, 0x000000008e000000| Complete 
| 225|0x000000008e100000, 0x000000008e200000, 0x000000008e200000|100%| E|CS|TAMS 0x000000008e100000, 0x000000008e100000| Complete 
| 226|0x000000008e200000, 0x000000008e300000, 0x000000008e300000|100%| E|CS|TAMS 0x000000008e200000, 0x000000008e200000| Complete 
| 227|0x000000008e300000, 0x000000008e400000, 0x000000008e400000|100%| E|CS|TAMS 0x000000008e300000, 0x000000008e300000| Complete 
| 228|0x000000008e400000, 0x000000008e500000, 0x000000008e500000|100%| E|CS|TAMS 0x000000008e400000, 0x000000008e400000| Complete 
| 229|0x000000008e500000, 0x000000008e600000, 0x000000008e600000|100%| E|CS|TAMS 0x000000008e500000, 0x000000008e500000| Complete 
| 230|0x000000008e600000, 0x000000008e700000, 0x000000008e700000|100%| E|CS|TAMS 0x000000008e600000, 0x000000008e600000| Complete 
| 231|0x000000008e700000, 0x000000008e800000, 0x000000008e800000|100%| E|CS|TAMS 0x000000008e700000, 0x000000008e700000| Complete 
| 232|0x000000008e800000, 0x000000008e900000, 0x000000008e900000|100%| E|CS|TAMS 0x000000008e800000, 0x000000008e800000| Complete 
| 233|0x000000008e900000, 0x000000008ea00000, 0x000000008ea00000|100%| E|CS|TAMS 0x000000008e900000, 0x000000008e900000| Complete 
| 234|0x000000008ea00000, 0x000000008eb00000, 0x000000008eb00000|100%| E|CS|TAMS 0x000000008ea00000, 0x000000008ea00000| Complete 
| 235|0x000000008eb00000, 0x000000008ec00000, 0x000000008ec00000|100%| E|CS|TAMS 0x000000008eb00000, 0x000000008eb00000| Complete 
| 236|0x000000008ec00000, 0x000000008ed00000, 0x000000008ed00000|100%| E|CS|TAMS 0x000000008ec00000, 0x000000008ec00000| Complete 
| 237|0x000000008ed00000, 0x000000008ee00000, 0x000000008ee00000|100%| E|CS|TAMS 0x000000008ed00000, 0x000000008ed00000| Complete 
| 238|0x000000008ee00000, 0x000000008ef00000, 0x000000008ef00000|100%| E|CS|TAMS 0x000000008ee00000, 0x000000008ee00000| Complete 
| 239|0x000000008ef00000, 0x000000008f000000, 0x000000008f000000|100%| E|CS|TAMS 0x000000008ef00000, 0x000000008ef00000| Complete 
| 240|0x000000008f000000, 0x000000008f100000, 0x000000008f100000|100%| E|CS|TAMS 0x000000008f000000, 0x000000008f000000| Complete 
| 241|0x000000008f100000, 0x000000008f200000, 0x000000008f200000|100%| E|CS|TAMS 0x000000008f100000, 0x000000008f100000| Complete 
| 242|0x000000008f200000, 0x000000008f300000, 0x000000008f300000|100%| E|CS|TAMS 0x000000008f200000, 0x000000008f200000| Complete 
| 243|0x000000008f300000, 0x000000008f400000, 0x000000008f400000|100%| E|CS|TAMS 0x000000008f300000, 0x000000008f300000| Complete 
| 244|0x000000008f400000, 0x000000008f500000, 0x000000008f500000|100%| E|CS|TAMS 0x000000008f400000, 0x000000008f400000| Complete 
| 245|0x000000008f500000, 0x000000008f600000, 0x000000008f600000|100%| E|CS|TAMS 0x000000008f500000, 0x000000008f500000| Complete 
| 246|0x000000008f600000, 0x000000008f700000, 0x000000008f700000|100%| E|CS|TAMS 0x000000008f600000, 0x000000008f600000| Complete 
| 247|0x000000008f700000, 0x000000008f800000, 0x000000008f800000|100%| E|CS|TAMS 0x000000008f700000, 0x000000008f700000| Complete 
| 248|0x000000008f800000, 0x000000008f900000, 0x000000008f900000|100%| E|CS|TAMS 0x000000008f800000, 0x000000008f800000| Complete 
| 249|0x000000008f900000, 0x000000008fa00000, 0x000000008fa00000|100%| E|CS|TAMS 0x000000008f900000, 0x000000008f900000| Complete 
| 250|0x000000008fa00000, 0x000000008fb00000, 0x000000008fb00000|100%| E|CS|TAMS 0x000000008fa00000, 0x000000008fa00000| Complete 
| 251|0x000000008fb00000, 0x000000008fc00000, 0x000000008fc00000|100%| E|CS|TAMS 0x000000008fb00000, 0x000000008fb00000| Complete 
| 252|0x000000008fc00000, 0x000000008fd00000, 0x000000008fd00000|100%| E|CS|TAMS 0x000000008fc00000, 0x000000008fc00000| Complete 
| 253|0x000000008fd00000, 0x000000008fe00000, 0x000000008fe00000|100%| E|CS|TAMS 0x000000008fd00000, 0x000000008fd00000| Complete 

Card table byte_map: [0x000001ecc8d90000,0x000001ecc9190000] _byte_map_base: 0x000001ecc8990000

Marking Bits (Prev, Next): (CMBitMap*) 0x000001ecb54599b8, (CMBitMap*) 0x000001ecb54599f0
 Prev Bits: [0x000001ecc9590000, 0x000001eccb590000)
 Next Bits: [0x000001eccb590000, 0x000001eccd590000)

Polling page: 0x000001ecb3bf0000

Metaspace:

Usage:
  Non-class:     32.21 MB capacity,    31.64 MB ( 98%) used,   506.45 KB (  2%) free+waste,    80.75 KB ( <1%) overhead. 
      Class:      5.03 MB capacity,     4.69 MB ( 93%) used,   309.73 KB (  6%) free+waste,    38.94 KB ( <1%) overhead. 
       Both:     37.25 MB capacity,    36.33 MB ( 98%) used,   816.18 KB (  2%) free+waste,   119.69 KB ( <1%) overhead. 

Virtual space:
  Non-class space:       34.00 MB reserved,      32.50 MB ( 96%) committed 
      Class space:        1.00 GB reserved,       5.13 MB ( <1%) committed 
             Both:        1.03 GB reserved,      37.63 MB (  4%) committed 

Chunk freelists:
   Non-Class:  37.00 KB
       Class:  31.00 KB
        Both:  68.00 KB

MaxMetaspaceSize: 17179869184.00 GB
CompressedClassSpaceSize: 1.00 GB
Initial GC threshold: 20.80 MB
Current GC threshold: 58.54 MB
CDS: off

CodeHeap 'non-profiled nmethods': size=120000Kb used=1666Kb max_used=1666Kb free=118333Kb
 bounds [0x000001ecc0a00000, 0x000001ecc0c70000, 0x000001ecc7f30000]
CodeHeap 'profiled nmethods': size=120000Kb used=6641Kb max_used=6641Kb free=113358Kb
 bounds [0x000001ecb94d0000, 0x000001ecb9b50000, 0x000001ecc0a00000]
CodeHeap 'non-nmethods': size=5760Kb used=1587Kb max_used=1651Kb free=4173Kb
 bounds [0x000001ecb8f30000, 0x000001ecb91a0000, 0x000001ecb94d0000]
 total_blobs=3843 nmethods=3223 adapters=532
 compilation: enabled
              stopped_count=0, restarted_count=0
 full_count=0

Compilation events (20 events):
Event: 9.650 Thread 0x000001ecd0965800 nmethod 3211 0x000001ecb9b39090 code [0x000001ecb9b39260, 0x000001ecb9b39658]
Event: 9.650 Thread 0x000001ecd0965800 3213       3       java.util.stream.ReduceOps$3::makeSink (20 bytes)
Event: 9.650 Thread 0x000001ecd0965800 nmethod 3213 0x000001ecb9b39790 code [0x000001ecb9b39960, 0x000001ecb9b39cf8]
Event: 9.651 Thread 0x000001ecd0965800 3214       3       java.util.stream.ReduceOps$3ReducingSink::<init> (20 bytes)
Event: 9.651 Thread 0x000001ecd0965800 nmethod 3214 0x000001ecb9b39e10 code [0x000001ecb9b39fe0, 0x000001ecb9b3a2b8]
Event: 9.651 Thread 0x000001ecd0965800 3215       3       java.util.stream.ReduceOps$3ReducingSink::begin (14 bytes)
Event: 9.651 Thread 0x000001ecd0965800 nmethod 3215 0x000001ecb9b3a390 code [0x000001ecb9b3a560, 0x000001ecb9b3a788]
Event: 9.651 Thread 0x000001ecd0965800 3212       3       org.codehaus.groovy.vmplugin.v9.Java9$$Lambda$314/0x00000001004cbc40::test (12 bytes)
Event: 9.652 Thread 0x000001ecd0965800 nmethod 3212 0x000001ecb9b3a890 code [0x000001ecb9b3aa60, 0x000001ecb9b3ad68]
Event: 9.652 Thread 0x000001ecd0965800 3216       3       org.codehaus.groovy.vmplugin.v9.Java9::lambda$doFindClasses$1 (8 bytes)
Event: 9.652 Thread 0x000001ecd0965800 nmethod 3216 0x000001ecb9b3ae90 code [0x000001ecb9b3b040, 0x000001ecb9b3b1e8]
Event: 9.652 Thread 0x000001ecd0965800 3217       3       java.util.stream.Collectors$$Lambda$311/0x00000001004cc040::accept (17 bytes)
Event: 9.652 Thread 0x000001ecd0965800 nmethod 3217 0x000001ecb9b3b290 code [0x000001ecb9b3b460, 0x000001ecb9b3b6a8]
Event: 9.652 Thread 0x000001ecd0965800 3218       3       java.util.stream.Collectors::lambda$uniqKeysMapAccumulator$1 (49 bytes)
Event: 9.654 Thread 0x000001ecd0965800 nmethod 3218 0x000001ecb9b3b790 code [0x000001ecb9b3baa0, 0x000001ecb9b3cce8]
Event: 9.654 Thread 0x000001ecd0965800 3219       3       org.codehaus.groovy.vmplugin.v9.Java9$$Lambda$308/0x00000001004cd440::apply (10 bytes)
Event: 9.654 Thread 0x000001ecd0965800 nmethod 3219 0x000001ecb9b3d290 code [0x000001ecb9b3d460, 0x000001ecb9b3d728]
Event: 9.654 Thread 0x000001ecd0965800 3221       3       org.codehaus.groovy.vmplugin.v9.Java9$$Lambda$309/0x00000001004cc840::apply (12 bytes)
Event: 9.655 Thread 0x000001ecd0965800 nmethod 3221 0x000001ecb9b3d810 code [0x000001ecb9b3d9e0, 0x000001ecb9b3dc08]
Event: 9.655 Thread 0x000001ecd0965800 3222       3       org.codehaus.groovy.vmplugin.v9.Java9::lambda$doFindClasses$3 (47 bytes)

GC Heap History (8 events):
Event: 1.475 GC heap before
{Heap before GC invocations=0 (full 0):
 garbage-first heap   total 260096K, used 30720K [0x0000000080000000, 0x0000000100000000)
  region size 1024K, 24 young (24576K), 0 survivors (0K)
 Metaspace       used 9867K, capacity 10114K, committed 10368K, reserved 1058816K
  class space    used 1027K, capacity 1102K, committed 1152K, reserved 1048576K
}
Event: 1.494 GC heap after
{Heap after GC invocations=1 (full 0):
 garbage-first heap   total 260096K, used 9722K [0x0000000080000000, 0x0000000100000000)
  region size 1024K, 3 young (3072K), 3 survivors (3072K)
 Metaspace       used 9867K, capacity 10114K, committed 10368K, reserved 1058816K
  class space    used 1027K, capacity 1102K, committed 1152K, reserved 1048576K
}
Event: 6.150 GC heap before
{Heap before GC invocations=1 (full 0):
 garbage-first heap   total 260096K, used 112122K [0x0000000080000000, 0x0000000100000000)
  region size 1024K, 104 young (106496K), 3 survivors (3072K)
 Metaspace       used 20726K, capacity 21134K, committed 21248K, reserved 1067008K
  class space    used 2550K, capacity 2711K, committed 2816K, reserved 1048576K
}
Event: 6.170 GC heap after
{Heap after GC invocations=2 (full 0):
 garbage-first heap   total 260096K, used 17513K [0x0000000080000000, 0x0000000100000000)
  region size 1024K, 11 young (11264K), 11 survivors (11264K)
 Metaspace       used 20726K, capacity 21134K, committed 21248K, reserved 1067008K
  class space    used 2550K, capacity 2711K, committed 2816K, reserved 1048576K
}
Event: 6.799 GC heap before
{Heap before GC invocations=3 (full 0):
 garbage-first heap   total 260096K, used 46185K [0x0000000080000000, 0x0000000100000000)
  region size 1024K, 39 young (39936K), 11 survivors (11264K)
 Metaspace       used 23529K, capacity 24052K, committed 24192K, reserved 1071104K
  class space    used 2990K, capacity 3198K, committed 3200K, reserved 1048576K
}
Event: 6.810 GC heap after
{Heap after GC invocations=4 (full 0):
 garbage-first heap   total 260096K, used 18547K [0x0000000080000000, 0x0000000100000000)
  region size 1024K, 2 young (2048K), 2 survivors (2048K)
 Metaspace       used 23529K, capacity 24052K, committed 24192K, reserved 1071104K
  class space    used 2990K, capacity 3198K, committed 3200K, reserved 1048576K
}
Event: 9.001 GC heap before
{Heap before GC invocations=4 (full 0):
 garbage-first heap   total 260096K, used 101491K [0x0000000080000000, 0x0000000100000000)
  region size 1024K, 84 young (86016K), 2 survivors (2048K)
 Metaspace       used 34902K, capacity 35719K, committed 35840K, reserved 1081344K
  class space    used 4531K, capacity 4839K, committed 4864K, reserved 1048576K
}
Event: 9.023 GC heap after
{Heap after GC invocations=5 (full 0):
 garbage-first heap   total 260096K, used 22438K [0x0000000080000000, 0x0000000100000000)
  region size 1024K, 6 young (6144K), 6 survivors (6144K)
 Metaspace       used 34902K, capacity 35719K, committed 35840K, reserved 1081344K
  class space    used 4531K, capacity 4839K, committed 4864K, reserved 1048576K
}

Deoptimization events (20 events):
Event: 9.606 Thread 0x000001ecd2ca9800 Uncommon trap: trap_request=0xffffffbe fr.pc=0x000001ecc0b9ad9c relative=0x000000000000099c
Event: 9.606 Thread 0x000001ecd2ca9800 Uncommon trap: reason=profile_predicate action=maybe_recompile pc=0x000001ecc0b9ad9c method=jdk.internal.jimage.ImageStringsReader.charsFromByteBuffer([CLjava/nio/ByteBuffer;)V @ 6 c2
Event: 9.606 Thread 0x000001ecd2ca9800 DEOPT PACKING pc=0x000001ecc0b9ad9c sp=0x000000b796bf87c0
Event: 9.606 Thread 0x000001ecd2ca9800 DEOPT UNPACKING pc=0x000001ecb8f7a1af sp=0x000000b796bf85c8 mode 2
Event: 9.606 Thread 0x000001ecd2ca9800 Uncommon trap: trap_request=0xffffffbe fr.pc=0x000001ecc0b9ad9c relative=0x000000000000099c
Event: 9.606 Thread 0x000001ecd2ca9800 Uncommon trap: reason=profile_predicate action=maybe_recompile pc=0x000001ecc0b9ad9c method=jdk.internal.jimage.ImageStringsReader.charsFromByteBuffer([CLjava/nio/ByteBuffer;)V @ 6 c2
Event: 9.606 Thread 0x000001ecd2ca9800 DEOPT PACKING pc=0x000001ecc0b9ad9c sp=0x000000b796bf87c0
Event: 9.606 Thread 0x000001ecd2ca9800 DEOPT UNPACKING pc=0x000001ecb8f7a1af sp=0x000000b796bf85c8 mode 2
Event: 9.606 Thread 0x000001ecd2ca9800 Uncommon trap: trap_request=0xffffffbe fr.pc=0x000001ecc0b9ad9c relative=0x000000000000099c
Event: 9.606 Thread 0x000001ecd2ca9800 Uncommon trap: reason=profile_predicate action=maybe_recompile pc=0x000001ecc0b9ad9c method=jdk.internal.jimage.ImageStringsReader.charsFromByteBuffer([CLjava/nio/ByteBuffer;)V @ 6 c2
Event: 9.606 Thread 0x000001ecd2ca9800 DEOPT PACKING pc=0x000001ecc0b9ad9c sp=0x000000b796bf87c0
Event: 9.606 Thread 0x000001ecd2ca9800 DEOPT UNPACKING pc=0x000001ecb8f7a1af sp=0x000000b796bf85c8 mode 2
Event: 9.606 Thread 0x000001ecd2ca9800 Uncommon trap: trap_request=0xffffffbe fr.pc=0x000001ecc0b9ad9c relative=0x000000000000099c
Event: 9.606 Thread 0x000001ecd2ca9800 Uncommon trap: reason=profile_predicate action=maybe_recompile pc=0x000001ecc0b9ad9c method=jdk.internal.jimage.ImageStringsReader.charsFromByteBuffer([CLjava/nio/ByteBuffer;)V @ 6 c2
Event: 9.606 Thread 0x000001ecd2ca9800 DEOPT PACKING pc=0x000001ecc0b9ad9c sp=0x000000b796bf87c0
Event: 9.606 Thread 0x000001ecd2ca9800 DEOPT UNPACKING pc=0x000001ecb8f7a1af sp=0x000000b796bf85c8 mode 2
Event: 9.634 Thread 0x000001ecd2ca9800 Uncommon trap: trap_request=0xffffffbe fr.pc=0x000001ecc0b9cfc8 relative=0x0000000000000968
Event: 9.634 Thread 0x000001ecd2ca9800 Uncommon trap: reason=profile_predicate action=maybe_recompile pc=0x000001ecc0b9cfc8 method=jdk.internal.jimage.ImageStringsReader.charsFromByteBuffer([CLjava/nio/ByteBuffer;)V @ 6 c2
Event: 9.634 Thread 0x000001ecd2ca9800 DEOPT PACKING pc=0x000001ecc0b9cfc8 sp=0x000000b796bf8990
Event: 9.634 Thread 0x000001ecd2ca9800 DEOPT UNPACKING pc=0x000001ecb8f7a1af sp=0x000000b796bf8868 mode 2

Classes redefined (0 events):
No events

Internal exceptions (20 events):
Event: 7.650 Thread 0x000001ecd2ca9800 Exception <a 'java/lang/NoSuchMethodError'{0x000000008d557808}: 'java.lang.Object java.lang.invoke.DirectMethodHandle$Holder.invokeStaticInit(java.lang.Object, java.lang.Object, java.lang.Object, java.lang.Object)'> (0x000000008d557808) thrown at [./src/hotspot/share/interpreter/linkResolver.cpp, line 773]
Event: 7.817 Thread 0x000001ecd2ca9800 Implicit null exception at 0x000001ecc0ae8c75 to 0x000001ecc0ae8e3c
Event: 7.818 Thread 0x000001ecd2ca9800 Implicit null exception at 0x000001ecc0ad532f to 0x000001ecc0ad539d
Event: 8.103 Thread 0x000001ecd2ca9800 Exception <a 'java/lang/NoSuchMethodError'{0x000000008c474a38}: 'java.lang.Object java.lang.invoke.Invokers$Holder.linkToTargetMethod(java.lang.Object, java.lang.Object, java.lang.Object, java.lang.Object, java.lang.Object, java.lang.Object, java.lang.Object, java.lang.Object)'> (0x000000008c474a38) thrown at [./src/hotspot/share/interpreter/linkResolver.cpp, line 773]
Event: 8.109 Thread 0x000001ecd2ca9800 Exception <a 'java/lang/NoSuchMethodError'{0x000000008c4c3068}: 'java.lang.Object java.lang.invoke.Invokers$Holder.linkToTargetMethod(java.lang.Object, java.lang.Object, java.lang.Object, java.lang.Object, java.lang.Object, java.lang.Object, java.lang.Object)'> (0x000000008c4c3068) thrown at [./src/hotspot/share/interpreter/linkResolver.cpp, line 773]
Event: 8.119 Thread 0x000001ecd2ca9800 Exception <a 'java/lang/IncompatibleClassChangeError'{0x000000008c3035c8}: Found class java.lang.Object, but interface was expected> (0x000000008c3035c8) thrown at [./src/hotspot/share/interpreter/linkResolver.cpp, line 839]
Event: 8.603 Thread 0x000001ecd2ca9800 Exception <a 'java/lang/NoSuchMethodError'{0x000000008b084678}: 'void java.lang.invoke.DirectMethodHandle$Holder.invokeStaticInit(java.lang.Object, java.lang.Object, java.lang.Object)'> (0x000000008b084678) thrown at [./src/hotspot/share/interpreter/linkResolver.cpp, line 773]
Event: 8.604 Thread 0x000001ecd2ca9800 Exception <a 'java/lang/NoSuchMethodError'{0x000000008b08b828}: 'void java.lang.invoke.DirectMethodHandle$Holder.invokeStaticInit(java.lang.Object, java.lang.Object, java.lang.Object, java.lang.Object)'> (0x000000008b08b828) thrown at [./src/hotspot/share/interpreter/linkResolver.cpp, line 773]
Event: 8.610 Thread 0x000001ecd2ca9800 Exception <a 'java/lang/NoSuchMethodError'{0x000000008b0ade80}: 'void java.lang.invoke.DirectMethodHandle$Holder.invokeStaticInit(java.lang.Object, java.lang.Object, java.lang.Object, java.lang.Object, java.lang.Object)'> (0x000000008b0ade80) thrown at [./src/hotspot/share/interpreter/linkResolver.cpp, line 773]
Event: 8.696 Thread 0x000001ecd2ca9800 Exception <a 'java/lang/NoSuchMethodError'{0x000000008af0ca50}: 'int java.lang.invoke.DirectMethodHandle$Holder.invokeStaticInit(java.lang.Object, java.lang.Object, java.lang.Object, java.lang.Object)'> (0x000000008af0ca50) thrown at [./src/hotspot/share/interpreter/linkResolver.cpp, line 773]
Event: 9.109 Thread 0x000001ecd2ca9800 Exception <a 'java/lang/NoSuchMethodError'{0x000000008fb47b18}: 'java.lang.Object java.lang.invoke.DirectMethodHandle$Holder.invokeStatic(java.lang.Object, java.lang.Object, java.lang.Object, java.lang.Object, java.lang.Object, java.lang.Object, java.lang.Object, java.lang.Object, java.lang.Object, java.lang.Object, java.lang.Object, int)'> (0x000000008fb47b18) thrown at [./src/hotspot/share/interpreter/linkResolver.cpp, line 773]
Event: 9.114 Thread 0x000001ecd2ca9800 Exception <a 'java/lang/NoSuchMethodError'{0x000000008fb664b8}: 'java.lang.Object java.lang.invoke.DirectMethodHandle$Holder.invokeStatic(java.lang.Object, java.lang.Object, java.lang.Object, java.lang.Object, java.lang.Object, java.lang.Object, java.lang.Object, java.lang.Object, java.lang.Object, java.lang.Object, java.lang.Object, int, int)'> (0x000000008fb664b8) thrown at [./src/hotspot/share/interpreter/linkResolver.cpp, line 773]
Event: 9.117 Thread 0x000001ecd2ca9800 Exception <a 'java/lang/NoSuchMethodError'{0x000000008fb85f38}: 'java.lang.Object java.lang.invoke.DirectMethodHandle$Holder.invokeStatic(java.lang.Object, java.lang.Object, java.lang.Object, java.lang.Object, java.lang.Object, java.lang.Object, java.lang.Object, java.lang.Object, java.lang.Object, java.lang.Object, java.lang.Object, int, int, java.lang.Object)'> (0x000000008fb85f38) thrown at [./src/hotspot/share/interpreter/linkResolver.cpp, line 773]
Event: 9.120 Thread 0x000001ecd2ca9800 Exception <a 'java/lang/NoSuchMethodError'{0x000000008fba7030}: 'java.lang.Object java.lang.invoke.DirectMethodHandle$Holder.invokeStatic(java.lang.Object, java.lang.Object, java.lang.Object, java.lang.Object, java.lang.Object, java.lang.Object, java.lang.Object, java.lang.Object, java.lang.Object, java.lang.Object, java.lang.Object, int, int, java.lang.Object, java.lang.Object)'> (0x000000008fba7030) thrown at [./src/hotspot/share/interpreter/linkResolver.cpp, line 773]
Event: 9.125 Thread 0x000001ecd2ca9800 Exception <a 'java/lang/ClassNotFoundException'{0x000000008fbd6b60}: groovy/lang/ExpandoMetaClassBeanInfo> (0x000000008fbd6b60) thrown at [./src/hotspot/share/classfile/systemDictionary.cpp, line 231]
Event: 9.129 Thread 0x000001ecd2ca9800 Exception <a 'java/lang/ClassNotFoundException'{0x000000008fbf6c98}: groovy/lang/MetaClassImplBeanInfo> (0x000000008fbf6c98) thrown at [./src/hotspot/share/classfile/systemDictionary.cpp, line 231]
Event: 9.129 Thread 0x000001ecd2ca9800 Exception <a 'java/lang/ClassNotFoundException'{0x000000008fa001e0}: java/lang/ObjectBeanInfo> (0x000000008fa001e0) thrown at [./src/hotspot/share/classfile/systemDictionary.cpp, line 231]
Event: 9.131 Thread 0x000001ecd2ca9800 Exception <a 'java/lang/ClassNotFoundException'{0x000000008fa0bb20}: java/lang/ObjectCustomizer> (0x000000008fa0bb20) thrown at [./src/hotspot/share/classfile/systemDictionary.cpp, line 231]
Event: 9.141 Thread 0x000001ecd2ca9800 Exception <a 'java/lang/ClassNotFoundException'{0x000000008fa32c08}: groovy/lang/MetaClassImplCustomizer> (0x000000008fa32c08) thrown at [./src/hotspot/share/classfile/systemDictionary.cpp, line 231]
Event: 9.147 Thread 0x000001ecd2ca9800 Exception <a 'java/lang/ClassNotFoundException'{0x000000008fa716a8}: groovy/lang/ExpandoMetaClassCustomizer> (0x000000008fa716a8) thrown at [./src/hotspot/share/classfile/systemDictionary.cpp, line 231]

Events (20 events):
Event: 9.474 loading class jdk/internal/jimage/ImageReader$Node done
Event: 9.474 loading class jdk/internal/jimage/ImageReader$Directory done
Event: 9.474 loading class jdk/internal/jrtfs/SystemImage$1
Event: 9.474 loading class jdk/internal/jrtfs/SystemImage$1 done
Event: 9.475 loading class jdk/internal/jrtfs/JrtFileAttributeView
Event: 9.475 loading class jdk/internal/jrtfs/JrtFileAttributeView done
Event: 9.475 loading class jdk/internal/jimage/ImageReader$SharedImageReader$LocationVisitor
Event: 9.475 loading class jdk/internal/jimage/ImageReader$SharedImageReader$LocationVisitor done
Event: 9.476 loading class java/nio/ByteBufferAsIntBufferL
Event: 9.477 loading class java/nio/ByteBufferAsIntBufferL done
Event: 9.477 loading class jdk/internal/jrtfs/JrtFileAttributes
Event: 9.477 loading class jdk/internal/jrtfs/JrtFileAttributes done
Event: 9.477 loading class jdk/internal/jrtfs/JrtDirectoryStream
Event: 9.478 loading class jdk/internal/jrtfs/JrtDirectoryStream done
Event: 9.479 loading class jdk/internal/jrtfs/JrtDirectoryStream$1
Event: 9.479 loading class jdk/internal/jrtfs/JrtDirectoryStream$1 done
Event: 9.480 loading class java/util/function/BooleanSupplier
Event: 9.480 loading class java/util/function/BooleanSupplier done
Event: 9.481 loading class jdk/internal/jimage/ImageReader$Resource
Event: 9.481 loading class jdk/internal/jimage/ImageReader$Resource done


Dynamic libraries:
0x00007ff6b1ef0000 - 0x00007ff6b1efa000 	C:\Program Files\Android\Android Studio\jre\bin\java.exe
0x00007ffb59f70000 - 0x00007ffb5a168000 	C:\Windows\SYSTEM32\ntdll.dll
0x00007ffb59e70000 - 0x00007ffb59f2f000 	C:\Windows\System32\KERNEL32.DLL
0x00007ffb57a90000 - 0x00007ffb57d62000 	C:\Windows\System32\KERNELBASE.dll
0x00007ffb57d70000 - 0x00007ffb57e70000 	C:\Windows\System32\ucrtbase.dll
0x00007ffb43440000 - 0x00007ffb43457000 	C:\Program Files\Android\Android Studio\jre\bin\VCRUNTIME140.dll
0x00007ffb43420000 - 0x00007ffb43439000 	C:\Program Files\Android\Android Studio\jre\bin\jli.dll
0x00007ffb59be0000 - 0x00007ffb59d7d000 	C:\Windows\System32\USER32.dll
0x00007ffb57f60000 - 0x00007ffb57f82000 	C:\Windows\System32\win32u.dll
0x00007ffb382a0000 - 0x00007ffb3853a000 	C:\Windows\WinSxS\amd64_microsoft.windows.common-controls_6595b64144ccf1df_6.0.19041.1110_none_60b5254171f9507e\COMCTL32.dll
0x00007ffb597e0000 - 0x00007ffb5980b000 	C:\Windows\System32\GDI32.dll
0x00007ffb59810000 - 0x00007ffb598ae000 	C:\Windows\System32\msvcrt.dll
0x00007ffb57840000 - 0x00007ffb5794f000 	C:\Windows\System32\gdi32full.dll
0x00007ffb57e70000 - 0x00007ffb57f0d000 	C:\Windows\System32\msvcp_win.dll
0x00007ffb58cd0000 - 0x00007ffb58d02000 	C:\Windows\System32\IMM32.DLL
0x00007ffb18430000 - 0x00007ffb184cd000 	C:\Program Files\Android\Android Studio\jre\bin\msvcp140.dll
0x00007ffaecf20000 - 0x00007ffaeda05000 	C:\Program Files\Android\Android Studio\jre\bin\server\jvm.dll
0x00007ffb59a60000 - 0x00007ffb59b0e000 	C:\Windows\System32\ADVAPI32.dll
0x00007ffb595b0000 - 0x00007ffb5964c000 	C:\Windows\System32\sechost.dll
0x00007ffb59650000 - 0x00007ffb59775000 	C:\Windows\System32\RPCRT4.dll
0x00007ffb58ba0000 - 0x00007ffb58ba8000 	C:\Windows\System32\PSAPI.DLL
0x00007ffb33b60000 - 0x00007ffb33b87000 	C:\Windows\SYSTEM32\WINMM.dll
0x00007ffb4e310000 - 0x00007ffb4e319000 	C:\Windows\SYSTEM32\WSOCK32.dll
0x00007ffb4d060000 - 0x00007ffb4d06a000 	C:\Windows\SYSTEM32\VERSION.dll
0x00007ffb58df0000 - 0x00007ffb58e5b000 	C:\Windows\System32\ws2_32.DLL
0x00007ffb55ec0000 - 0x00007ffb55ed2000 	C:\Windows\SYSTEM32\kernel.appcore.dll
0x00007ffb4e2f0000 - 0x00007ffb4e301000 	C:\Program Files\Android\Android Studio\jre\bin\verify.dll
0x00007ffb55440000 - 0x00007ffb55624000 	C:\Windows\SYSTEM32\DBGHELP.DLL
0x00007ffb3ab30000 - 0x00007ffb3ab5c000 	C:\Windows\SYSTEM32\dbgcore.DLL
0x00007ffb57950000 - 0x00007ffb579d2000 	C:\Windows\System32\bcryptPrimitives.dll
0x00007ffb43a20000 - 0x00007ffb43a49000 	C:\Program Files\Android\Android Studio\jre\bin\java.dll
0x00007ffb4e040000 - 0x00007ffb4e04b000 	C:\Program Files\Android\Android Studio\jre\bin\jimage.dll
0x00007ffb3e9c0000 - 0x00007ffb3e9d8000 	C:\Program Files\Android\Android Studio\jre\bin\zip.dll
0x00007ffb58e60000 - 0x00007ffb595a3000 	C:\Windows\System32\SHELL32.dll
0x00007ffb55710000 - 0x00007ffb55ea2000 	C:\Windows\SYSTEM32\windows.storage.dll
0x00007ffb58840000 - 0x00007ffb58b94000 	C:\Windows\System32\combase.dll
0x00007ffb570d0000 - 0x00007ffb57100000 	C:\Windows\SYSTEM32\Wldp.dll
0x00007ffb59da0000 - 0x00007ffb59e4d000 	C:\Windows\System32\SHCORE.dll
0x00007ffb58780000 - 0x00007ffb587d5000 	C:\Windows\System32\shlwapi.dll
0x00007ffb575b0000 - 0x00007ffb575cf000 	C:\Windows\SYSTEM32\profapi.dll
0x00007ffb3e9a0000 - 0x00007ffb3e9ba000 	C:\Program Files\Android\Android Studio\jre\bin\net.dll
0x00007ffb41d00000 - 0x00007ffb41e0c000 	C:\Windows\SYSTEM32\WINHTTP.dll
0x00007ffb56e30000 - 0x00007ffb56e9a000 	C:\Windows\system32\mswsock.dll
0x00007ffb385e0000 - 0x00007ffb385f4000 	C:\Program Files\Android\Android Studio\jre\bin\nio.dll
0x00007ffb25170000 - 0x00007ffb25197000 	C:\Users\Admin\.gradle\native\e1d6ef7f7dcc3fd88c89a11ec53ec762bb8ba0a96d01ffa2cd45eb1d1d8dd5c5\windows-amd64\native-platform.dll
0x00007ffb15640000 - 0x00007ffb15784000 	C:\Users\Admin\.gradle\native\5664cfc778a61ccfe75a443a1ab52a65af34e5dc3c78e0209fed803814484fcb\windows-amd64\native-platform-file-events.dll
0x00007ffb4cdb0000 - 0x00007ffb4cdba000 	C:\Program Files\Android\Android Studio\jre\bin\management.dll
0x00007ffb43a10000 - 0x00007ffb43a1d000 	C:\Program Files\Android\Android Studio\jre\bin\management_ext.dll
0x00007ffb57020000 - 0x00007ffb57038000 	C:\Windows\SYSTEM32\CRYPTSP.dll
0x00007ffb566e0000 - 0x00007ffb56714000 	C:\Windows\system32\rsaenh.dll
0x00007ffb57f90000 - 0x00007ffb57fb7000 	C:\Windows\System32\bcrypt.dll
0x00007ffb57530000 - 0x00007ffb5755e000 	C:\Windows\SYSTEM32\USERENV.dll
0x00007ffb57040000 - 0x00007ffb5704c000 	C:\Windows\SYSTEM32\CRYPTBASE.dll
0x00007ffb56ad0000 - 0x00007ffb56b0b000 	C:\Windows\SYSTEM32\IPHLPAPI.DLL
0x00007ffb59d80000 - 0x00007ffb59d88000 	C:\Windows\System32\NSI.dll
0x00007ffb4c190000 - 0x00007ffb4c1a7000 	C:\Windows\SYSTEM32\dhcpcsvc6.DLL
0x00007ffb4c110000 - 0x00007ffb4c12d000 	C:\Windows\SYSTEM32\dhcpcsvc.DLL
0x00007ffb56b10000 - 0x00007ffb56bda000 	C:\Windows\SYSTEM32\DNSAPI.dll

dbghelp: loaded successfully - version: 4.0.5 - missing functions: none
symbol engine: initialized successfully - sym options: 0x614 - pdb path: .;C:\Program Files\Android\Android Studio\jre\bin;C:\Windows\SYSTEM32;C:\Windows\WinSxS\amd64_microsoft.windows.common-controls_6595b64144ccf1df_6.0.19041.1110_none_60b5254171f9507e;C:\Program Files\Android\Android Studio\jre\bin\server;C:\Users\Admin\.gradle\native\e1d6ef7f7dcc3fd88c89a11ec53ec762bb8ba0a96d01ffa2cd45eb1d1d8dd5c5\windows-amd64;C:\Users\Admin\.gradle\native\5664cfc778a61ccfe75a443a1ab52a65af34e5dc3c78e0209fed803814484fcb\windows-amd64

VM Arguments:
jvm_args: --add-opens=java.base/java.util=ALL-UNNAMED --add-opens=java.base/java.lang=ALL-UNNAMED --add-opens=java.base/java.lang.invoke=ALL-UNNAMED --add-opens=java.base/java.util=ALL-UNNAMED --add-opens=java.prefs/java.util.prefs=ALL-UNNAMED --add-opens=java.prefs/java.util.prefs=ALL-UNNAMED --add-opens=java.base/java.nio.charset=ALL-UNNAMED --add-opens=java.base/java.net=ALL-UNNAMED --add-opens=java.base/java.util.concurrent.atomic=ALL-UNNAMED -Xmx2048m -Dfile.encoding=UTF-8 -Duser.country=US -Duser.language=en -Duser.variant 
java_command: org.gradle.launcher.daemon.bootstrap.GradleDaemon 7.3.3
java_class_path (initial): C:\Users\Admin\.gradle\wrapper\dists\gradle-7.3.3-bin\6a41zxkdtcxs8rphpq6y0069z\gradle-7.3.3\lib\gradle-launcher-7.3.3.jar
Launcher Type: SUN_STANDARD

[Global flags]
     intx CICompilerCount                          = 4                                         {product} {ergonomic}
     uint ConcGCThreads                            = 2                                         {product} {ergonomic}
     uint G1ConcRefinementThreads                  = 8                                         {product} {ergonomic}
   size_t G1HeapRegionSize                         = 1048576                                   {product} {ergonomic}
    uintx GCDrainStackTargetSize                   = 64                                        {product} {ergonomic}
   size_t InitialHeapSize                          = 266338304                                 {product} {ergonomic}
   size_t MarkStackSize                            = 4194304                                   {product} {ergonomic}
   size_t MaxHeapSize                              = 2147483648                                {product} {command line}
   size_t MaxNewSize                               = 1287651328                                {product} {ergonomic}
   size_t MinHeapDeltaBytes                        = 1048576                                   {product} {ergonomic}
    uintx NonNMethodCodeHeapSize                   = 5836300                                {pd product} {ergonomic}
    uintx NonProfiledCodeHeapSize                  = 122910970                              {pd product} {ergonomic}
    uintx ProfiledCodeHeapSize                     = 122910970                              {pd product} {ergonomic}
    uintx ReservedCodeCacheSize                    = 251658240                              {pd product} {ergonomic}
     bool SegmentedCodeCache                       = true                                      {product} {ergonomic}
     bool UseCompressedClassPointers               = true                                 {lp64_product} {ergonomic}
     bool UseCompressedOops                        = true                                 {lp64_product} {ergonomic}
     bool UseG1GC                                  = true                                      {product} {ergonomic}
     bool UseLargePagesIndividualAllocation        = false                                  {pd product} {ergonomic}

Logging:
Log output configuration:
 #0: stdout all=warning uptime,level,tags
 #1: stderr all=off uptime,level,tags

Environment Variables:
PATH=C:\Windows\system32;C:\Windows;C:\Windows\System32\Wbem;C:\Windows\System32\WindowsPowerShell\v1.0\;C:\Windows\System32\OpenSSH\;C:\Program Files\Git\cmd;C:\Users\Admin\AppData\Local\Microsoft\WindowsApps;
USERNAME=Admin
OS=Windows_NT
PROCESSOR_IDENTIFIER=Intel64 Family 6 Model 142 Stepping 10, GenuineIntel



---------------  S Y S T E M  ---------------

OS: Windows 10 , 64 bit Build 19041 (10.0.19041.2251)
OS uptime: 30 days 9:02 hours

CPU:total 8 (initial active 8) (4 cores per cpu, 2 threads per core) family 6 model 142 stepping 10 microcode 0xf0, cmov, cx8, fxsr, mmx, sse, sse2, sse3, ssse3, sse4.1, sse4.2, popcnt, avx, avx2, aes, clmul, erms, rtm, 3dnowpref, lzcnt, ht, tsc, tscinvbit, bmi1, bmi2, adx, fma

Memory: 4k page, system-wide physical 16227M (5835M free)
TotalPageFile size 35427M (AvailPageFile size 46M)
current process WorkingSet (physical memory assigned to process): 294M, peak: 301M
current process commit charge ("private bytes"): 454M, peak: 462M

vm_info: OpenJDK 64-Bit Server VM (11.0.12+7-b1504.28-7817840) for windows-amd64 JRE (11.0.12+7-b1504.28-7817840), built on Oct 13 2021 22:12:33 by "builder" with MS VC++ 14.0 (VS2015)

END.
